<?xml version="1.0" encoding="UTF-8"?>
<!-- Generated by org.testng.reporters.JUnitReportReporter -->
<testsuite skipped="0" hostname="DESKTOP-8CNSMFF" name="Product.ValidateMyStore" tests="4" failures="0" timestamp="2020-10-09T05:35:49 IST" time="13.630" errors="0">
  <testcase name="clickOnsignin" time="1.256" classname="Product.ValidateMyStore"/>
  <system-out/>
  <testcase name="login" time="2.854" classname="Product.ValidateMyStore"/>
  <system-out/>
  <testcase name="ProductSelection" time="6.164" classname="Product.ValidateMyStore"/>
  <system-out/>
  <testcase name="productAddToCart" time="3.356" classname="Product.ValidateMyStore"/>
  <system-out/>
</testsuite> <!-- Product.ValidateMyStore -->
